<?xml version="1.0" encoding="UTF-8"?>
<!-- Generated by org.testng.reporters.JUnitReportReporter -->
<testsuite name="DemoRequest.TC001_GET_Request" tests="1" time="3.163" ignored="0" failures="0" timestamp="09 May 2020 10:34:45 GMT" skipped="0" hostname="DESKTOP-H6HU17T" errors="0">
  <testcase name="getweatherDetails" time="3.163" classname="DemoRequest.TC001_GET_Request"/>
</testsuite> <!-- DemoRequest.TC001_GET_Request -->
