<?xml version="1.0" encoding="UTF-8"?>
<!-- Generated by org.testng.reporters.JUnitReportReporter -->
<testsuite name="DemoRequest.TC003_GET_Request_PrintAllHeaders" tests="1" time="3.212" ignored="0" failures="0" timestamp="09 May 2020 19:20:25 GMT" skipped="0" hostname="DESKTOP-H6HU17T" errors="0">
  <testcase name="getweatherDetails" time="3.212" classname="DemoRequest.TC003_GET_Request_PrintAllHeaders"/>
</testsuite> <!-- DemoRequest.TC003_GET_Request_PrintAllHeaders -->
