<?xml version="1.0" encoding="UTF-8"?>
<!-- Generated by org.testng.reporters.JUnitReportReporter -->
<testsuite name="DemoRequest.TC_004_ValidatingJSON_Response" tests="1" time="2.874" ignored="0" failures="0" timestamp="09 May 2020 19:42:31 GMT" skipped="0" hostname="DESKTOP-H6HU17T" errors="0">
  <testcase name="JSONResponse" time="2.874" classname="DemoRequest.TC_004_ValidatingJSON_Response"/>
</testsuite> <!-- DemoRequest.TC_004_ValidatingJSON_Response -->
