<?xml version="1.0" encoding="UTF-8"?>
<!-- Generated by org.testng.reporters.JUnitReportReporter -->
<testsuite name="DemoRequest.TC_006_GET_Authentication" tests="1" time="4.448" ignored="0" failures="0" timestamp="09 May 2020 21:26:38 GMT" skipped="0" hostname="DESKTOP-H6HU17T" errors="0">
  <testcase name="AuthenticationTest" time="4.448" classname="DemoRequest.TC_006_GET_Authentication"/>
</testsuite> <!-- DemoRequest.TC_006_GET_Authentication -->
