<?xml version="1.0" encoding="UTF-8"?>
<!-- Generated by org.testng.reporters.JUnitReportReporter -->
<testsuite name="DataDrivenTest.TC001_DDT_AddNewEmployees" tests="5" time="8.262" ignored="0" failures="0" timestamp="11 May 2020 18:19:50 GMT" skipped="0" hostname="DESKTOP-H6HU17T" errors="0">
  <testcase name="postNewEmployees" time="3.309" classname="DataDrivenTest.TC001_DDT_AddNewEmployees"/>
  <testcase name="postNewEmployees" time="1.270" classname="DataDrivenTest.TC001_DDT_AddNewEmployees"/>
  <testcase name="postNewEmployees" time="1.076" classname="DataDrivenTest.TC001_DDT_AddNewEmployees"/>
  <testcase name="postNewEmployees" time="1.158" classname="DataDrivenTest.TC001_DDT_AddNewEmployees"/>
  <testcase name="postNewEmployees" time="1.449" classname="DataDrivenTest.TC001_DDT_AddNewEmployees"/>
</testsuite> <!-- DataDrivenTest.TC001_DDT_AddNewEmployees -->
