<?xml version="1.0" encoding="UTF-8"?>
<!-- Generated by org.testng.reporters.JUnitReportReporter -->
<testsuite name="DemoRequest.TC001_GET_Request2" tests="1" time="3.674" ignored="0" failures="0" timestamp="09 May 2020 10:50:13 GMT" skipped="0" hostname="DESKTOP-H6HU17T" errors="0">
  <testcase name="getweatherDetails" time="3.674" classname="DemoRequest.TC001_GET_Request2"/>
</testsuite> <!-- DemoRequest.TC001_GET_Request2 -->
