<?xml version="1.0" encoding="UTF-8"?>
<!-- Generated by org.testng.reporters.JUnitReportReporter -->
<testsuite name="DemoRequest.TC002_POST_Request" tests="1" time="4.504" ignored="0" failures="0" timestamp="09 May 2020 10:29:28 GMT" skipped="0" hostname="DESKTOP-H6HU17T" errors="0">
  <testcase name="registrationSucessful" time="4.504" classname="DemoRequest.TC002_POST_Request"/>
</testsuite> <!-- DemoRequest.TC002_POST_Request -->
