<?xml version="1.0" encoding="UTF-8"?>
<!-- Generated by org.testng.reporters.JUnitReportReporter -->
<testsuite name="DemoRequest.TC_005_GET_ExtValuesOfEachNode" tests="1" time="3.707" ignored="0" failures="0" timestamp="09 May 2020 20:36:57 GMT" skipped="0" hostname="DESKTOP-H6HU17T" errors="0">
  <testcase name="JSONResponse" time="3.707" classname="DemoRequest.TC_005_GET_ExtValuesOfEachNode"/>
</testsuite> <!-- DemoRequest.TC_005_GET_ExtValuesOfEachNode -->
